[0.458s] Invoking command in '/home/hikmal/my_camera_publisher': PYTHONPATH=/home/hikmal/my_camera_publisher/build/my_camera_publisher/prefix_override:/usr/lib/python3/dist-packages/colcon_core/task/python/colcon_distutils_commands:/home/hikmal/my_camera_publisher/install/my_camera_publisher/lib/python3.10/site-packages:${PYTHONPATH} /usr/bin/python3 -W ignore:setup.py install is deprecated setup.py egg_info --egg-base build/my_camera_publisher build --build-base /home/hikmal/my_camera_publisher/build/my_camera_publisher/build install --record /home/hikmal/my_camera_publisher/build/my_camera_publisher/install.log --single-version-externally-managed install_data
[0.633s] running egg_info
[0.634s] writing build/my_camera_publisher/my_camera_publisher.egg-info/PKG-INFO
[0.634s] writing dependency_links to build/my_camera_publisher/my_camera_publisher.egg-info/dependency_links.txt
[0.634s] writing entry points to build/my_camera_publisher/my_camera_publisher.egg-info/entry_points.txt
[0.634s] writing requirements to build/my_camera_publisher/my_camera_publisher.egg-info/requires.txt
[0.634s] writing top-level names to build/my_camera_publisher/my_camera_publisher.egg-info/top_level.txt
[0.635s] reading manifest file 'build/my_camera_publisher/my_camera_publisher.egg-info/SOURCES.txt'
[0.636s] writing manifest file 'build/my_camera_publisher/my_camera_publisher.egg-info/SOURCES.txt'
[0.636s] running build
[0.636s] running build_py
[0.636s] copying my_camera_publisher/my_camera_publisher.py -> /home/hikmal/my_camera_publisher/build/my_camera_publisher/build/lib/my_camera_publisher
[0.636s] running install
[0.636s] running install_lib
[0.637s] copying /home/hikmal/my_camera_publisher/build/my_camera_publisher/build/lib/my_camera_publisher/my_camera_publisher.py -> /home/hikmal/my_camera_publisher/install/my_camera_publisher/lib/python3.10/site-packages/my_camera_publisher
[0.638s] byte-compiling /home/hikmal/my_camera_publisher/install/my_camera_publisher/lib/python3.10/site-packages/my_camera_publisher/my_camera_publisher.py to my_camera_publisher.cpython-310.pyc
[0.638s] running install_data
[0.638s]   File "/home/hikmal/my_camera_publisher/install/my_camera_publisher/lib/python3.10/site-packages/my_camera_publisher/my_camera_publisher.py", line 28
[0.638s]     self.cap = cv2.VideoCapture(/dev/video2)  # Change to your camera index or URL
[0.638s]                                 ^
[0.638s] SyntaxError: invalid syntax
[0.638s] 
[0.639s] running install_egg_info
[0.639s] removing '/home/hikmal/my_camera_publisher/install/my_camera_publisher/lib/python3.10/site-packages/my_camera_publisher-0.0.0-py3.10.egg-info' (and everything under it)
[0.640s] Copying build/my_camera_publisher/my_camera_publisher.egg-info to /home/hikmal/my_camera_publisher/install/my_camera_publisher/lib/python3.10/site-packages/my_camera_publisher-0.0.0-py3.10.egg-info
[0.640s] running install_scripts
[0.654s] Installing my_camera_publisher script to /home/hikmal/my_camera_publisher/install/my_camera_publisher/lib/my_camera_publisher
[0.654s] writing list of installed files to '/home/hikmal/my_camera_publisher/build/my_camera_publisher/install.log'
[0.670s] Invoked command in '/home/hikmal/my_camera_publisher' returned '0': PYTHONPATH=/home/hikmal/my_camera_publisher/build/my_camera_publisher/prefix_override:/usr/lib/python3/dist-packages/colcon_core/task/python/colcon_distutils_commands:/home/hikmal/my_camera_publisher/install/my_camera_publisher/lib/python3.10/site-packages:${PYTHONPATH} /usr/bin/python3 -W ignore:setup.py install is deprecated setup.py egg_info --egg-base build/my_camera_publisher build --build-base /home/hikmal/my_camera_publisher/build/my_camera_publisher/build install --record /home/hikmal/my_camera_publisher/build/my_camera_publisher/install.log --single-version-externally-managed install_data
