[0.228s] DEBUG:colcon:Command line arguments: ['/usr/bin/colcon', 'build']
[0.228s] DEBUG:colcon:Parsed command line arguments: Namespace(log_base=None, log_level=None, verb_name='build', build_base='build', install_base='install', merge_install=False, symlink_install=False, test_result_base=None, continue_on_error=False, executor='parallel', parallel_workers=16, event_handlers=None, ignore_user_meta=False, metas=['./colcon.meta'], base_paths=['.'], packages_ignore=None, packages_ignore_regex=None, paths=None, packages_up_to=None, packages_up_to_regex=None, packages_above=None, packages_above_and_dependencies=None, packages_above_depth=None, packages_select_by_dep=None, packages_skip_by_dep=None, packages_skip_up_to=None, packages_select_build_failed=False, packages_skip_build_finished=False, packages_select_test_failures=False, packages_skip_test_passed=False, packages_select=None, packages_skip=None, packages_select_regex=None, packages_skip_regex=None, packages_start=None, packages_end=None, allow_overriding=[], cmake_args=None, cmake_target=None, cmake_target_skip_unavailable=False, cmake_clean_cache=False, cmake_clean_first=False, cmake_force_configure=False, ament_cmake_args=None, catkin_cmake_args=None, catkin_skip_building_tests=False, mixin_files=None, mixin=None, verb_parser=<colcon_mixin.mixin.mixin_argument.MixinArgumentDecorator object at 0x75f0e764ae00>, verb_extension=<colcon_core.verb.build.BuildVerb object at 0x75f0e764a950>, main=<bound method BuildVerb.main of <colcon_core.verb.build.BuildVerb object at 0x75f0e764a950>>, mixin_verb=('build',))
[0.430s] Level 1:colcon.colcon_core.package_discovery:discover_packages(colcon_meta) check parameters
[0.430s] Level 1:colcon.colcon_core.package_discovery:discover_packages(recursive) check parameters
[0.430s] Level 1:colcon.colcon_core.package_discovery:discover_packages(ignore) check parameters
[0.430s] Level 1:colcon.colcon_core.package_discovery:discover_packages(path) check parameters
[0.431s] Level 1:colcon.colcon_core.package_discovery:discover_packages(colcon_meta) discover
[0.431s] Level 1:colcon.colcon_core.package_discovery:discover_packages(recursive) discover
[0.431s] INFO:colcon.colcon_core.package_discovery:Crawling recursively for packages in '/home/hikmal/my_camera_publisher'
[0.431s] Level 1:colcon.colcon_core.package_identification:_identify(.) by extensions ['ignore', 'ignore_ament_install']
[0.431s] Level 1:colcon.colcon_core.package_identification:_identify(.) by extension 'ignore'
[0.431s] Level 1:colcon.colcon_core.package_identification:_identify(.) by extension 'ignore_ament_install'
[0.431s] Level 1:colcon.colcon_core.package_identification:_identify(.) by extensions ['colcon_pkg']
[0.431s] Level 1:colcon.colcon_core.package_identification:_identify(.) by extension 'colcon_pkg'
[0.431s] Level 1:colcon.colcon_core.package_identification:_identify(.) by extensions ['colcon_meta']
[0.431s] Level 1:colcon.colcon_core.package_identification:_identify(.) by extension 'colcon_meta'
[0.431s] Level 1:colcon.colcon_core.package_identification:_identify(.) by extensions ['ros']
[0.431s] Level 1:colcon.colcon_core.package_identification:_identify(.) by extension 'ros'
[0.442s] DEBUG:colcon.colcon_core.package_identification:Package '.' with type 'ros.ament_python' and name 'my_camera_publisher'
[0.442s] Level 1:colcon.colcon_core.package_discovery:discover_packages(recursive) using defaults
[0.442s] Level 1:colcon.colcon_core.package_discovery:discover_packages(ignore) discover
[0.442s] Level 1:colcon.colcon_core.package_discovery:discover_packages(ignore) using defaults
[0.442s] Level 1:colcon.colcon_core.package_discovery:discover_packages(path) discover
[0.442s] Level 1:colcon.colcon_core.package_discovery:discover_packages(path) using defaults
[0.469s] Level 1:colcon.colcon_core.package_discovery:discover_packages(prefix_path) check parameters
[0.469s] Level 1:colcon.colcon_core.package_discovery:discover_packages(prefix_path) discover
[0.472s] DEBUG:colcon.colcon_installed_package_information.package_discovery:Found 301 installed packages in /opt/ros/humble
[0.473s] Level 1:colcon.colcon_core.package_discovery:discover_packages(prefix_path) using defaults
[0.501s] Level 5:colcon.colcon_core.verb:set package 'my_camera_publisher' build argument 'cmake_args' from command line to 'None'
[0.501s] Level 5:colcon.colcon_core.verb:set package 'my_camera_publisher' build argument 'cmake_target' from command line to 'None'
[0.501s] Level 5:colcon.colcon_core.verb:set package 'my_camera_publisher' build argument 'cmake_target_skip_unavailable' from command line to 'False'
[0.501s] Level 5:colcon.colcon_core.verb:set package 'my_camera_publisher' build argument 'cmake_clean_cache' from command line to 'False'
[0.501s] Level 5:colcon.colcon_core.verb:set package 'my_camera_publisher' build argument 'cmake_clean_first' from command line to 'False'
[0.501s] Level 5:colcon.colcon_core.verb:set package 'my_camera_publisher' build argument 'cmake_force_configure' from command line to 'False'
[0.501s] Level 5:colcon.colcon_core.verb:set package 'my_camera_publisher' build argument 'ament_cmake_args' from command line to 'None'
[0.501s] Level 5:colcon.colcon_core.verb:set package 'my_camera_publisher' build argument 'catkin_cmake_args' from command line to 'None'
[0.501s] Level 5:colcon.colcon_core.verb:set package 'my_camera_publisher' build argument 'catkin_skip_building_tests' from command line to 'False'
[0.501s] DEBUG:colcon.colcon_core.verb:Building package 'my_camera_publisher' with the following arguments: {'ament_cmake_args': None, 'build_base': '/home/hikmal/my_camera_publisher/build/my_camera_publisher', 'catkin_cmake_args': None, 'catkin_skip_building_tests': False, 'cmake_args': None, 'cmake_clean_cache': False, 'cmake_clean_first': False, 'cmake_force_configure': False, 'cmake_target': None, 'cmake_target_skip_unavailable': False, 'install_base': '/home/hikmal/my_camera_publisher/install/my_camera_publisher', 'merge_install': False, 'path': '/home/hikmal/my_camera_publisher', 'symlink_install': False, 'test_result_base': None}
[0.501s] INFO:colcon.colcon_core.executor:Executing jobs using 'parallel' executor
[0.502s] DEBUG:colcon.colcon_parallel_executor.executor.parallel:run_until_complete
[0.502s] INFO:colcon.colcon_ros.task.ament_python.build:Building ROS package in '/home/hikmal/my_camera_publisher' with build type 'ament_python'
[0.502s] Level 1:colcon.colcon_core.shell:create_environment_hook('my_camera_publisher', 'ament_prefix_path')
[0.505s] INFO:colcon.colcon_core.plugin_system:Skipping extension 'colcon_core.shell.bat': Not used on non-Windows systems
[0.506s] INFO:colcon.colcon_core.shell:Creating environment hook '/home/hikmal/my_camera_publisher/install/my_camera_publisher/share/my_camera_publisher/hook/ament_prefix_path.ps1'
[0.507s] INFO:colcon.colcon_core.shell:Creating environment descriptor '/home/hikmal/my_camera_publisher/install/my_camera_publisher/share/my_camera_publisher/hook/ament_prefix_path.dsv'
[0.507s] INFO:colcon.colcon_core.shell:Creating environment hook '/home/hikmal/my_camera_publisher/install/my_camera_publisher/share/my_camera_publisher/hook/ament_prefix_path.sh'
[0.508s] INFO:colcon.colcon_core.shell:Skip shell extension 'powershell' for command environment: Not usable outside of PowerShell
[0.508s] DEBUG:colcon.colcon_core.shell:Skip shell extension 'dsv' for command environment
[0.699s] INFO:colcon.colcon_core.task.python.build:Building Python package in '/home/hikmal/my_camera_publisher'
[0.700s] INFO:colcon.colcon_core.shell:Skip shell extension 'powershell' for command environment: Not usable outside of PowerShell
[0.700s] DEBUG:colcon.colcon_core.shell:Skip shell extension 'dsv' for command environment
[0.984s] DEBUG:colcon.colcon_core.event_handler.log_command:Invoking command in '/home/hikmal/my_camera_publisher': PYTHONPATH=/home/hikmal/my_camera_publisher/build/my_camera_publisher/prefix_override:/usr/lib/python3/dist-packages/colcon_core/task/python/colcon_distutils_commands:/home/hikmal/my_camera_publisher/install/my_camera_publisher/lib/python3.10/site-packages:${PYTHONPATH} /usr/bin/python3 -W ignore:setup.py install is deprecated setup.py egg_info --egg-base build/my_camera_publisher build --build-base /home/hikmal/my_camera_publisher/build/my_camera_publisher/build install --record /home/hikmal/my_camera_publisher/build/my_camera_publisher/install.log --single-version-externally-managed install_data
[1.200s] DEBUG:colcon.colcon_core.event_handler.log_command:Invoked command in '/home/hikmal/my_camera_publisher' returned '0': PYTHONPATH=/home/hikmal/my_camera_publisher/build/my_camera_publisher/prefix_override:/usr/lib/python3/dist-packages/colcon_core/task/python/colcon_distutils_commands:/home/hikmal/my_camera_publisher/install/my_camera_publisher/lib/python3.10/site-packages:${PYTHONPATH} /usr/bin/python3 -W ignore:setup.py install is deprecated setup.py egg_info --egg-base build/my_camera_publisher build --build-base /home/hikmal/my_camera_publisher/build/my_camera_publisher/build install --record /home/hikmal/my_camera_publisher/build/my_camera_publisher/install.log --single-version-externally-managed install_data
[1.204s] Level 1:colcon.colcon_core.environment:checking '/home/hikmal/my_camera_publisher/install/my_camera_publisher' for CMake module files
[1.204s] Level 1:colcon.colcon_core.environment:checking '/home/hikmal/my_camera_publisher/install/my_camera_publisher' for CMake config files
[1.205s] Level 1:colcon.colcon_core.environment:checking '/home/hikmal/my_camera_publisher/install/my_camera_publisher/lib'
[1.205s] Level 1:colcon.colcon_core.environment:checking '/home/hikmal/my_camera_publisher/install/my_camera_publisher/bin'
[1.205s] Level 1:colcon.colcon_core.environment:checking '/home/hikmal/my_camera_publisher/install/my_camera_publisher/lib/pkgconfig/my_camera_publisher.pc'
[1.205s] Level 1:colcon.colcon_core.environment:checking '/home/hikmal/my_camera_publisher/install/my_camera_publisher/lib/python3.10/site-packages'
[1.206s] Level 1:colcon.colcon_core.shell:create_environment_hook('my_camera_publisher', 'pythonpath')
[1.206s] INFO:colcon.colcon_core.shell:Creating environment hook '/home/hikmal/my_camera_publisher/install/my_camera_publisher/share/my_camera_publisher/hook/pythonpath.ps1'
[1.206s] INFO:colcon.colcon_core.shell:Creating environment descriptor '/home/hikmal/my_camera_publisher/install/my_camera_publisher/share/my_camera_publisher/hook/pythonpath.dsv'
[1.206s] INFO:colcon.colcon_core.shell:Creating environment hook '/home/hikmal/my_camera_publisher/install/my_camera_publisher/share/my_camera_publisher/hook/pythonpath.sh'
[1.207s] Level 1:colcon.colcon_core.environment:checking '/home/hikmal/my_camera_publisher/install/my_camera_publisher/bin'
[1.207s] Level 1:colcon.colcon_core.environment:create_environment_scripts_only(my_camera_publisher)
[1.207s] INFO:colcon.colcon_core.shell:Creating package script '/home/hikmal/my_camera_publisher/install/my_camera_publisher/share/my_camera_publisher/package.ps1'
[1.207s] INFO:colcon.colcon_core.shell:Creating package descriptor '/home/hikmal/my_camera_publisher/install/my_camera_publisher/share/my_camera_publisher/package.dsv'
[1.208s] INFO:colcon.colcon_core.shell:Creating package script '/home/hikmal/my_camera_publisher/install/my_camera_publisher/share/my_camera_publisher/package.sh'
[1.209s] INFO:colcon.colcon_core.shell:Creating package script '/home/hikmal/my_camera_publisher/install/my_camera_publisher/share/my_camera_publisher/package.bash'
[1.209s] INFO:colcon.colcon_core.shell:Creating package script '/home/hikmal/my_camera_publisher/install/my_camera_publisher/share/my_camera_publisher/package.zsh'
[1.210s] Level 1:colcon.colcon_core.environment:create_file_with_runtime_dependencies(/home/hikmal/my_camera_publisher/install/my_camera_publisher/share/colcon-core/packages/my_camera_publisher)
[1.210s] DEBUG:colcon.colcon_parallel_executor.executor.parallel:closing loop
[1.210s] DEBUG:colcon.colcon_parallel_executor.executor.parallel:loop closed
[1.210s] DEBUG:colcon.colcon_parallel_executor.executor.parallel:run_until_complete finished with '0'
[1.210s] DEBUG:colcon.colcon_core.event_reactor:joining thread
[1.215s] INFO:colcon.colcon_core.plugin_system:Skipping extension 'colcon_notification.desktop_notification.terminal_notifier': Not used on non-Darwin systems
[1.215s] INFO:colcon.colcon_core.plugin_system:Skipping extension 'colcon_notification.desktop_notification.win32': Not used on non-Windows systems
[1.215s] INFO:colcon.colcon_notification.desktop_notification:Sending desktop notification using 'notify2'
[1.233s] DEBUG:colcon.colcon_core.event_reactor:joined thread
[1.234s] INFO:colcon.colcon_core.shell:Creating prefix script '/home/hikmal/my_camera_publisher/install/local_setup.ps1'
[1.234s] INFO:colcon.colcon_core.shell:Creating prefix util module '/home/hikmal/my_camera_publisher/install/_local_setup_util_ps1.py'
[1.235s] INFO:colcon.colcon_core.shell:Creating prefix chain script '/home/hikmal/my_camera_publisher/install/setup.ps1'
[1.236s] INFO:colcon.colcon_core.shell:Creating prefix script '/home/hikmal/my_camera_publisher/install/local_setup.sh'
[1.237s] INFO:colcon.colcon_core.shell:Creating prefix util module '/home/hikmal/my_camera_publisher/install/_local_setup_util_sh.py'
[1.237s] INFO:colcon.colcon_core.shell:Creating prefix chain script '/home/hikmal/my_camera_publisher/install/setup.sh'
[1.238s] INFO:colcon.colcon_core.shell:Creating prefix script '/home/hikmal/my_camera_publisher/install/local_setup.bash'
[1.238s] INFO:colcon.colcon_core.shell:Creating prefix chain script '/home/hikmal/my_camera_publisher/install/setup.bash'
[1.239s] INFO:colcon.colcon_core.shell:Creating prefix script '/home/hikmal/my_camera_publisher/install/local_setup.zsh'
[1.239s] INFO:colcon.colcon_core.shell:Creating prefix chain script '/home/hikmal/my_camera_publisher/install/setup.zsh'
