[0.442s] Invoking command in '/home/hikmal/my_camera_publisher': PYTHONPATH=/home/hikmal/my_camera_publisher/build/my_camera_publisher/prefix_override:/usr/lib/python3/dist-packages/colcon_core/task/python/colcon_distutils_commands:/home/hikmal/my_camera_publisher/install/my_camera_publisher/lib/python3.10/site-packages:${PYTHONPATH} /usr/bin/python3 -W ignore:setup.py install is deprecated setup.py egg_info --egg-base build/my_camera_publisher build --build-base /home/hikmal/my_camera_publisher/build/my_camera_publisher/build install --record /home/hikmal/my_camera_publisher/build/my_camera_publisher/install.log --single-version-externally-managed install_data
[0.614s] running egg_info
[0.615s] writing build/my_camera_publisher/my_camera_publisher.egg-info/PKG-INFO
[0.615s] writing dependency_links to build/my_camera_publisher/my_camera_publisher.egg-info/dependency_links.txt
[0.615s] writing entry points to build/my_camera_publisher/my_camera_publisher.egg-info/entry_points.txt
[0.615s] writing requirements to build/my_camera_publisher/my_camera_publisher.egg-info/requires.txt
[0.615s] writing top-level names to build/my_camera_publisher/my_camera_publisher.egg-info/top_level.txt
[0.616s] reading manifest file 'build/my_camera_publisher/my_camera_publisher.egg-info/SOURCES.txt'
[0.617s] writing manifest file 'build/my_camera_publisher/my_camera_publisher.egg-info/SOURCES.txt'
[0.617s] running build
[0.617s] running build_py
[0.617s] copying my_camera_publisher/my_camera_publisher.py -> /home/hikmal/my_camera_publisher/build/my_camera_publisher/build/lib/my_camera_publisher
[0.617s] running install
[0.618s] running install_lib
[0.618s] copying /home/hikmal/my_camera_publisher/build/my_camera_publisher/build/lib/my_camera_publisher/my_camera_publisher.py -> /home/hikmal/my_camera_publisher/install/my_camera_publisher/lib/python3.10/site-packages/my_camera_publisher
[0.619s] byte-compiling /home/hikmal/my_camera_publisher/install/my_camera_publisher/lib/python3.10/site-packages/my_camera_publisher/my_camera_publisher.py to my_camera_publisher.cpython-310.pyc
[0.619s] running install_data
[0.619s] running install_egg_info
[0.620s] removing '/home/hikmal/my_camera_publisher/install/my_camera_publisher/lib/python3.10/site-packages/my_camera_publisher-0.0.0-py3.10.egg-info' (and everything under it)
[0.621s] Copying build/my_camera_publisher/my_camera_publisher.egg-info to /home/hikmal/my_camera_publisher/install/my_camera_publisher/lib/python3.10/site-packages/my_camera_publisher-0.0.0-py3.10.egg-info
[0.621s] running install_scripts
[0.635s] Installing my_camera_publisher script to /home/hikmal/my_camera_publisher/install/my_camera_publisher/lib/my_camera_publisher
[0.635s] writing list of installed files to '/home/hikmal/my_camera_publisher/build/my_camera_publisher/install.log'
[0.651s] Invoked command in '/home/hikmal/my_camera_publisher' returned '0': PYTHONPATH=/home/hikmal/my_camera_publisher/build/my_camera_publisher/prefix_override:/usr/lib/python3/dist-packages/colcon_core/task/python/colcon_distutils_commands:/home/hikmal/my_camera_publisher/install/my_camera_publisher/lib/python3.10/site-packages:${PYTHONPATH} /usr/bin/python3 -W ignore:setup.py install is deprecated setup.py egg_info --egg-base build/my_camera_publisher build --build-base /home/hikmal/my_camera_publisher/build/my_camera_publisher/build install --record /home/hikmal/my_camera_publisher/build/my_camera_publisher/install.log --single-version-externally-managed install_data
