[0.483s] Invoking command in '/home/hikmal/my_camera_publisher': PYTHONPATH=/home/hikmal/my_camera_publisher/build/my_camera_publisher/prefix_override:/usr/lib/python3/dist-packages/colcon_core/task/python/colcon_distutils_commands:/home/hikmal/my_camera_publisher/install/my_camera_publisher/lib/python3.10/site-packages:${PYTHONPATH} /usr/bin/python3 -W ignore:setup.py install is deprecated setup.py egg_info --egg-base build/my_camera_publisher build --build-base /home/hikmal/my_camera_publisher/build/my_camera_publisher/build install --record /home/hikmal/my_camera_publisher/build/my_camera_publisher/install.log --single-version-externally-managed install_data
[0.658s] running egg_info
[0.658s] writing build/my_camera_publisher/my_camera_publisher.egg-info/PKG-INFO
[0.664s] writing dependency_links to build/my_camera_publisher/my_camera_publisher.egg-info/dependency_links.txt
[0.664s] writing entry points to build/my_camera_publisher/my_camera_publisher.egg-info/entry_points.txt
[0.664s] writing requirements to build/my_camera_publisher/my_camera_publisher.egg-info/requires.txt
[0.664s] writing top-level names to build/my_camera_publisher/my_camera_publisher.egg-info/top_level.txt
[0.665s] reading manifest file 'build/my_camera_publisher/my_camera_publisher.egg-info/SOURCES.txt'
[0.666s] writing manifest file 'build/my_camera_publisher/my_camera_publisher.egg-info/SOURCES.txt'
[0.666s] running build
[0.666s] running build_py
[0.666s] copying my_camera_publisher/my_camera_publisher.py -> /home/hikmal/my_camera_publisher/build/my_camera_publisher/build/lib/my_camera_publisher
[0.667s] running install
[0.667s] running install_lib
[0.668s] copying /home/hikmal/my_camera_publisher/build/my_camera_publisher/build/lib/my_camera_publisher/my_camera_publisher.py -> /home/hikmal/my_camera_publisher/install/my_camera_publisher/lib/python3.10/site-packages/my_camera_publisher
[0.668s] byte-compiling /home/hikmal/my_camera_publisher/install/my_camera_publisher/lib/python3.10/site-packages/my_camera_publisher/my_camera_publisher.py to my_camera_publisher.cpython-310.pyc
[0.668s] running install_data
[0.668s] running install_egg_info
[0.669s] removing '/home/hikmal/my_camera_publisher/install/my_camera_publisher/lib/python3.10/site-packages/my_camera_publisher-0.0.0-py3.10.egg-info' (and everything under it)
[0.670s] Copying build/my_camera_publisher/my_camera_publisher.egg-info to /home/hikmal/my_camera_publisher/install/my_camera_publisher/lib/python3.10/site-packages/my_camera_publisher-0.0.0-py3.10.egg-info
[0.670s] running install_scripts
[0.684s] Installing my_camera_publisher script to /home/hikmal/my_camera_publisher/install/my_camera_publisher/lib/my_camera_publisher
[0.684s] writing list of installed files to '/home/hikmal/my_camera_publisher/build/my_camera_publisher/install.log'
[0.698s] Invoked command in '/home/hikmal/my_camera_publisher' returned '0': PYTHONPATH=/home/hikmal/my_camera_publisher/build/my_camera_publisher/prefix_override:/usr/lib/python3/dist-packages/colcon_core/task/python/colcon_distutils_commands:/home/hikmal/my_camera_publisher/install/my_camera_publisher/lib/python3.10/site-packages:${PYTHONPATH} /usr/bin/python3 -W ignore:setup.py install is deprecated setup.py egg_info --egg-base build/my_camera_publisher build --build-base /home/hikmal/my_camera_publisher/build/my_camera_publisher/build install --record /home/hikmal/my_camera_publisher/build/my_camera_publisher/install.log --single-version-externally-managed install_data
