running egg_info
writing build/my_camera_publisher/my_camera_publisher.egg-info/PKG-INFO
writing dependency_links to build/my_camera_publisher/my_camera_publisher.egg-info/dependency_links.txt
writing entry points to build/my_camera_publisher/my_camera_publisher.egg-info/entry_points.txt
writing requirements to build/my_camera_publisher/my_camera_publisher.egg-info/requires.txt
writing top-level names to build/my_camera_publisher/my_camera_publisher.egg-info/top_level.txt
reading manifest file 'build/my_camera_publisher/my_camera_publisher.egg-info/SOURCES.txt'
writing manifest file 'build/my_camera_publisher/my_camera_publisher.egg-info/SOURCES.txt'
running build
running build_py
copying my_camera_publisher/my_camera_publisher.py -> /home/hikmal/my_camera_publisher/build/my_camera_publisher/build/lib/my_camera_publisher
running install
running install_lib
copying /home/hikmal/my_camera_publisher/build/my_camera_publisher/build/lib/my_camera_publisher/my_camera_publisher.py -> /home/hikmal/my_camera_publisher/install/my_camera_publisher/lib/python3.10/site-packages/my_camera_publisher
byte-compiling /home/hikmal/my_camera_publisher/install/my_camera_publisher/lib/python3.10/site-packages/my_camera_publisher/my_camera_publisher.py to my_camera_publisher.cpython-310.pyc
running install_data
running install_egg_info
removing '/home/hikmal/my_camera_publisher/install/my_camera_publisher/lib/python3.10/site-packages/my_camera_publisher-0.0.0-py3.10.egg-info' (and everything under it)
Copying build/my_camera_publisher/my_camera_publisher.egg-info to /home/hikmal/my_camera_publisher/install/my_camera_publisher/lib/python3.10/site-packages/my_camera_publisher-0.0.0-py3.10.egg-info
running install_scripts
Installing my_camera_publisher script to /home/hikmal/my_camera_publisher/install/my_camera_publisher/lib/my_camera_publisher
writing list of installed files to '/home/hikmal/my_camera_publisher/build/my_camera_publisher/install.log'
