[0.453s] Invoking command in '/home/hikmal/my_camera_publisher': PYTHONPATH=/home/hikmal/my_camera_publisher/build/my_camera_publisher/prefix_override:/usr/lib/python3/dist-packages/colcon_core/task/python/colcon_distutils_commands:/home/hikmal/my_camera_publisher/install/my_camera_publisher/lib/python3.10/site-packages:${PYTHONPATH} /usr/bin/python3 -W ignore:setup.py install is deprecated setup.py egg_info --egg-base build/my_camera_publisher build --build-base /home/hikmal/my_camera_publisher/build/my_camera_publisher/build install --record /home/hikmal/my_camera_publisher/build/my_camera_publisher/install.log --single-version-externally-managed install_data
[0.629s] running egg_info
[0.630s] writing build/my_camera_publisher/my_camera_publisher.egg-info/PKG-INFO
[0.630s] writing dependency_links to build/my_camera_publisher/my_camera_publisher.egg-info/dependency_links.txt
[0.630s] writing entry points to build/my_camera_publisher/my_camera_publisher.egg-info/entry_points.txt
[0.630s] writing requirements to build/my_camera_publisher/my_camera_publisher.egg-info/requires.txt
[0.630s] writing top-level names to build/my_camera_publisher/my_camera_publisher.egg-info/top_level.txt
[0.631s] reading manifest file 'build/my_camera_publisher/my_camera_publisher.egg-info/SOURCES.txt'
[0.632s] writing manifest file 'build/my_camera_publisher/my_camera_publisher.egg-info/SOURCES.txt'
[0.632s] running build
[0.632s] running build_py
[0.632s] copying my_camera_publisher/my_camera_publisher.py -> /home/hikmal/my_camera_publisher/build/my_camera_publisher/build/lib/my_camera_publisher
[0.632s] running install
[0.633s] running install_lib
[0.634s] copying /home/hikmal/my_camera_publisher/build/my_camera_publisher/build/lib/my_camera_publisher/my_camera_publisher.py -> /home/hikmal/my_camera_publisher/install/my_camera_publisher/lib/python3.10/site-packages/my_camera_publisher
[0.634s] byte-compiling /home/hikmal/my_camera_publisher/install/my_camera_publisher/lib/python3.10/site-packages/my_camera_publisher/my_camera_publisher.py to my_camera_publisher.cpython-310.pyc
[0.634s]   File "/home/hikmal/my_camera_publisher/install/my_camera_publisher/lib/python3.10/site-packages/my_camera_publisher/my_camera_publisher.py", line 35
[0.634s]     ret, frame = self.cap.read(/dev/video2)
[0.635s]                                ^
[0.635s] SyntaxError: invalid syntax
[0.635s] 
[0.635s] running install_data
[0.635s] running install_egg_info
[0.636s] removing '/home/hikmal/my_camera_publisher/install/my_camera_publisher/lib/python3.10/site-packages/my_camera_publisher-0.0.0-py3.10.egg-info' (and everything under it)
[0.636s] Copying build/my_camera_publisher/my_camera_publisher.egg-info to /home/hikmal/my_camera_publisher/install/my_camera_publisher/lib/python3.10/site-packages/my_camera_publisher-0.0.0-py3.10.egg-info
[0.637s] running install_scripts
[0.650s] Installing my_camera_publisher script to /home/hikmal/my_camera_publisher/install/my_camera_publisher/lib/my_camera_publisher
[0.651s] writing list of installed files to '/home/hikmal/my_camera_publisher/build/my_camera_publisher/install.log'
[0.669s] Invoked command in '/home/hikmal/my_camera_publisher' returned '0': PYTHONPATH=/home/hikmal/my_camera_publisher/build/my_camera_publisher/prefix_override:/usr/lib/python3/dist-packages/colcon_core/task/python/colcon_distutils_commands:/home/hikmal/my_camera_publisher/install/my_camera_publisher/lib/python3.10/site-packages:${PYTHONPATH} /usr/bin/python3 -W ignore:setup.py install is deprecated setup.py egg_info --egg-base build/my_camera_publisher build --build-base /home/hikmal/my_camera_publisher/build/my_camera_publisher/build install --record /home/hikmal/my_camera_publisher/build/my_camera_publisher/install.log --single-version-externally-managed install_data
